#
# A fatal error has been detected by the Java Runtime Environment:
#
#  EXCEPTION_ACCESS_VIOLATION (0xc0000005) at pc=0x0000000073c6e963, pid=11980, tid=0x0000000000003d90
#
# JRE version: Java(TM) SE Runtime Environment (8.0_111-b14) (build 1.8.0_111-b14)
# Java VM: Java HotSpot(TM) 64-Bit Server VM (25.111-b14 mixed mode windows-amd64 compressed oops)
# Problematic frame:
# V  [jvm.dll+0x13e963]
#
# Failed to write core dump. Minidumps are not enabled by default on client versions of Windows
#
# If you would like to submit a bug report, please visit:
#   http://bugreport.java.com/bugreport/crash.jsp
#

---------------  T H R E A D  ---------------

Current thread (0x000000000239e000):  JavaThread "main" [_thread_in_vm, id=15760, stack(0x0000000002250000,0x0000000002350000)]

siginfo: ExceptionCode=0xc0000005, reading address 0x000000039eb9ec68

Registers:
RAX=0x0000000000000000, RBX=0x000000000239e000, RCX=0x0000000000000003, RDX=0x000000039eb9ec00
RSP=0x000000000234e5e0, RBP=0x000000000234e730, RSI=0x000000000239e1f8, RDI=0x000000000239e000
R8 =0xffff8002de332ef0, R9 =0x00007ffd21ccd13f, R10=0x000000000000002f, R11=0x000000000000002f
R12=0x000000000234e970, R13=0x0000000000000000, R14=0x000000000234e968, R15=0x0000000000000000
RIP=0x0000000073c6e963, EFLAGS=0x0000000000010206

Top of Stack: (sp=0x000000000234e5e0)
0x000000000234e5e0:   00007ffd21ccd110 000000000239e000
0x000000000234e5f0:   000000000234e730 0000000000000000
0x000000000234e600:   000000000239e000 0000000000000000
0x000000000234e610:   0000000000000000 0000000000000000
0x000000000234e620:   000000000248de80 00007ffd21ca6777
0x000000000234e630:   000000000239e1f8 000000000234e730
0x000000000234e640:   000000000239e000 0000000002501797
0x000000000234e650:   0000000002501aa0 0000000000000000
0x000000000234e660:   0000000000000000 0000000000000000
0x000000000234e670:   00000000025016a0 0000000002010000
0x000000000234e680:   000000000234e5e0 0000000000000000
0x000000000234e690:   0000000000000000 0000000000000000
0x000000000234e6a0:   0000000000000000 0000000000000000
0x000000000234e6b0:   0000000000000000 0000000000000000
0x000000000234e6c0:   000000000234e938 0000000000000000
0x000000000234e6d0:   000000000234e950 000000000234e948 

Instructions: (pc=0x0000000073c6e963)
0x0000000073c6e943:   00 00 48 8b 17 74 15 8b 52 08 8b 0d 55 fe 65 00
0x0000000073c6e953:   48 d3 e2 48 03 15 43 fe 65 00 eb 04 48 8b 52 08
0x0000000073c6e963:   48 8b 52 68 48 8b ce e8 e1 7c 0d 00 48 83 7c 24
0x0000000073c6e973:   28 00 48 8b f0 74 0a 48 8d 4c 24 20 e8 9c cd 13 


Register to memory mapping:

RAX=0x0000000000000000 is an unknown value
RBX=0x000000000239e000 is a thread
RCX=0x0000000000000003 is an unknown value
RDX=0x000000039eb9ec00 is an unknown value
RSP=0x000000000234e5e0 is pointing into the stack for thread: 0x000000000239e000
RBP=0x000000000234e730 is pointing into the stack for thread: 0x000000000239e000
RSI=0x000000000239e1f8 is an unknown value
RDI=0x000000000239e000 is a thread
R8 =0xffff8002de332ef0 is an unknown value
R9 =0x00007ffd21ccd13f is an unknown value
R10=0x000000000000002f is an unknown value
R11=0x000000000000002f is an unknown value
R12=0x000000000234e970 is pointing into the stack for thread: 0x000000000239e000
R13=0x0000000000000000 is an unknown value
R14=0x000000000234e968 is pointing into the stack for thread: 0x000000000239e000
R15=0x0000000000000000 is an unknown value


Stack: [0x0000000002250000,0x0000000002350000],  sp=0x000000000234e5e0,  free space=1017k
Native frames: (J=compiled Java code, j=interpreted, Vv=VM code, C=native code)
V  [jvm.dll+0x13e963]
C  [sqljdbc_auth.dll+0x6777]
C  0x00000000024b7f74

Java frames: (J=compiled Java code, j=interpreted, Vv=VM code)
j  com.microsoft.sqlserver.jdbc.AuthenticationJNI.SNISecGenClientContext([B[I[BI[B[I[ZLjava/lang/String;Ljava/lang/String;Ljava/lang/String;Ljava/util/logging/Logger;)I+0
j  com.microsoft.sqlserver.jdbc.AuthenticationJNI.GenerateClientContext([BI[B[I[Z)I+24
j  com.microsoft.sqlserver.jdbc.SQLServerConnection.SSPIData([B[B[I[ZLcom/microsoft/sqlserver/jdbc/AuthenticationJNI;)V+13
j  com.microsoft.sqlserver.jdbc.SQLServerConnection.sendLogon(Lcom/microsoft/sqlserver/jdbc/SQLServerConnection$LogonCommand;Lcom/microsoft/sqlserver/jdbc/AuthenticationJNI;)V+151
j  com.microsoft.sqlserver.jdbc.SQLServerConnection.logon(Lcom/microsoft/sqlserver/jdbc/SQLServerConnection$LogonCommand;)V+20
j  com.microsoft.sqlserver.jdbc.SQLServerConnection.access$000(Lcom/microsoft/sqlserver/jdbc/SQLServerConnection;Lcom/microsoft/sqlserver/jdbc/SQLServerConnection$LogonCommand;)V+2
j  com.microsoft.sqlserver.jdbc.SQLServerConnection$LogonCommand.doExecute()Z+5
j  com.microsoft.sqlserver.jdbc.TDSCommand.execute(Lcom/microsoft/sqlserver/jdbc/TDSWriter;Lcom/microsoft/sqlserver/jdbc/TDSReader;)Z+30
j  com.microsoft.sqlserver.jdbc.SQLServerConnection.executeCommand(Lcom/microsoft/sqlserver/jdbc/TDSCommand;)Z+45
j  com.microsoft.sqlserver.jdbc.SQLServerConnection.connectHelper(Lcom/microsoft/sqlserver/jdbc/ServerPortPlaceHolder;II)V+284
j  com.microsoft.sqlserver.jdbc.SQLServerConnection.login(Ljava/lang/String;Ljava/lang/String;ILjava/lang/String;Lcom/microsoft/sqlserver/jdbc/FailoverInfo;IJ)V+399
j  com.microsoft.sqlserver.jdbc.SQLServerConnection.connect(Ljava/util/Properties;Lcom/microsoft/sqlserver/jdbc/SQLServerPooledConnection;)Ljava/sql/Connection;+1736
j  com.microsoft.sqlserver.jdbc.SQLServerDriver.connect(Ljava/lang/String;Ljava/util/Properties;)Ljava/sql/Connection;+45
j  java.sql.DriverManager.getConnection(Ljava/lang/String;Ljava/util/Properties;Ljava/lang/Class;)Ljava/sql/Connection;+171
j  java.sql.DriverManager.getConnection(Ljava/lang/String;)Ljava/sql/Connection;+13
j  com.db.DbConnection.main([Ljava/lang/String;)V+10
v  ~StubRoutines::call_stub

---------------  P R O C E S S  ---------------

Java Threads: ( => current thread )
  0x0000000018bb3800 JavaThread "Abandoned connection cleanup thread" daemon [_thread_blocked, id=9936, stack(0x0000000018ee0000,0x0000000018fe0000)]
  0x0000000018908800 JavaThread "Service Thread" daemon [_thread_blocked, id=9548, stack(0x0000000018ce0000,0x0000000018de0000)]
  0x0000000016f79800 JavaThread "C1 CompilerThread2" daemon [_thread_blocked, id=2196, stack(0x00000000187e0000,0x00000000188e0000)]
  0x0000000016f76000 JavaThread "C2 CompilerThread1" daemon [_thread_blocked, id=3964, stack(0x00000000186e0000,0x00000000187e0000)]
  0x0000000016f6e800 JavaThread "C2 CompilerThread0" daemon [_thread_blocked, id=388, stack(0x00000000185e0000,0x00000000186e0000)]
  0x0000000016f6d000 JavaThread "Attach Listener" daemon [_thread_blocked, id=16856, stack(0x00000000184e0000,0x00000000185e0000)]
  0x0000000016f6c000 JavaThread "Signal Dispatcher" daemon [_thread_blocked, id=2076, stack(0x00000000183e0000,0x00000000184e0000)]
  0x000000000249c000 JavaThread "Finalizer" daemon [_thread_blocked, id=13996, stack(0x00000000181c0000,0x00000000182c0000)]
  0x0000000002493000 JavaThread "Reference Handler" daemon [_thread_blocked, id=16696, stack(0x00000000180c0000,0x00000000181c0000)]
=>0x000000000239e000 JavaThread "main" [_thread_in_vm, id=15760, stack(0x0000000002250000,0x0000000002350000)]

Other Threads:
  0x0000000016f37800 VMThread [stack: 0x0000000017fc0000,0x00000000180c0000] [id=10788]
  0x000000001891f000 WatcherThread [stack: 0x0000000018de0000,0x0000000018ee0000] [id=13292]

VM state:not at safepoint (normal execution)

VM Mutex/Monitor currently owned by a thread: None

Heap:
 PSYoungGen      total 37888K, used 16414K [0x00000000d6100000, 0x00000000d8b00000, 0x0000000100000000)
  eden space 32768K, 50% used [0x00000000d6100000,0x00000000d7107a40,0x00000000d8100000)
  from space 5120K, 0% used [0x00000000d8600000,0x00000000d8600000,0x00000000d8b00000)
  to   space 5120K, 0% used [0x00000000d8100000,0x00000000d8100000,0x00000000d8600000)
 ParOldGen       total 86016K, used 0K [0x0000000082200000, 0x0000000087600000, 0x00000000d6100000)
  object space 86016K, 0% used [0x0000000082200000,0x0000000082200000,0x0000000087600000)
 Metaspace       used 8492K, capacity 8666K, committed 8704K, reserved 1056768K
  class space    used 913K, capacity 993K, committed 1024K, reserved 1048576K

Card table byte_map: [0x0000000011860000,0x0000000011c50000] byte_map_base: 0x000000001144f000

Marking Bits: (ParMarkBitMap*) 0x000000007434a6c0
 Begin Bits: [0x00000000122f0000, 0x0000000014268000)
 End Bits:   [0x0000000014268000, 0x00000000161e0000)

Polling page: 0x00000000001d0000

CodeCache: size=245760Kb used=2961Kb max_used=2973Kb free=242799Kb
 bounds [0x00000000024a0000, 0x0000000002790000, 0x00000000114a0000]
 total_blobs=1139 nmethods=777 adapters=275
 compilation: enabled

Compilation events (10 events):
Event: 2.431 Thread 0x0000000016f79800  775       3       java.util.ArrayList$Itr::hasNext (20 bytes)
Event: 2.431 Thread 0x0000000016f79800 nmethod 775 0x0000000002779010 code [0x0000000002779160, 0x0000000002779330]
Event: 2.431 Thread 0x0000000016f79800  773   !   3       sun.reflect.GeneratedConstructorAccessor2::newInstance (49 bytes)
Event: 2.431 Thread 0x0000000016f79800 nmethod 773 0x0000000002778590 code [0x0000000002778760, 0x0000000002778ce8]
Event: 2.431 Thread 0x0000000016f79800  774       3       sun.nio.cs.Surrogate$Parser::<init> (12 bytes)
Event: 2.431 Thread 0x0000000016f79800 nmethod 774 0x0000000002778190 code [0x0000000002778300, 0x00000000027784d0]
Event: 2.432 Thread 0x0000000016f79800  777       3       java.util.ArrayList$Itr::next (66 bytes)
Event: 2.432 Thread 0x0000000016f79800 nmethod 777 0x00000000027778d0 code [0x0000000002777a80, 0x0000000002777f28]
Event: 2.432 Thread 0x0000000016f6e800 nmethod 776 0x0000000002776050 code [0x0000000002776180, 0x00000000027762d8]
Event: 2.434 Thread 0x0000000016f76000 nmethod 770 0x0000000002775610 code [0x0000000002775760, 0x0000000002775bf8]

GC Heap History (0 events):
No events

Deoptimization events (5 events):
Event: 2.243 Thread 0x000000000239e000 Uncommon trap: reason=unstable_if action=reinterpret pc=0x000000000264addc method=java.lang.CharacterDataLatin1.digit(II)I @ 82
Event: 2.332 Thread 0x000000000239e000 Uncommon trap: reason=bimorphic action=maybe_recompile pc=0x000000000268b6b4 method=java.util.regex.Pattern$BmpCharProperty.match(Ljava/util/regex/Matcher;ILjava/lang/CharSequence;)Z @ 31
Event: 2.332 Thread 0x000000000239e000 Uncommon trap: reason=bimorphic action=maybe_recompile pc=0x000000000268b6b4 method=java.util.regex.Pattern$BmpCharProperty.match(Ljava/util/regex/Matcher;ILjava/lang/CharSequence;)Z @ 31
Event: 2.332 Thread 0x000000000239e000 Uncommon trap: reason=bimorphic action=maybe_recompile pc=0x000000000268b6b4 method=java.util.regex.Pattern$BmpCharProperty.match(Ljava/util/regex/Matcher;ILjava/lang/CharSequence;)Z @ 31
Event: 2.332 Thread 0x000000000239e000 Uncommon trap: reason=bimorphic action=maybe_recompile pc=0x000000000268b6b4 method=java.util.regex.Pattern$BmpCharProperty.match(Ljava/util/regex/Matcher;ILjava/lang/CharSequence;)Z @ 31

Internal exceptions (8 events):
Event: 0.038 Thread 0x000000000239e000 Exception <a 'java/lang/NoSuchMethodError': Method sun.misc.Unsafe.defineClass(Ljava/lang/String;[BII)Ljava/lang/Class; name or signature does not match> (0x00000000d6107c78) thrown at [C:\re\workspace\8-2-build-windows-amd64-cygwin\jdk8u111\7883\hotspot\
Event: 0.038 Thread 0x000000000239e000 Exception <a 'java/lang/NoSuchMethodError': Method sun.misc.Unsafe.prefetchRead(Ljava/lang/Object;J)V name or signature does not match> (0x00000000d6107f60) thrown at [C:\re\workspace\8-2-build-windows-amd64-cygwin\jdk8u111\7883\hotspot\src\share\vm\prims
Event: 0.214 Thread 0x000000000239e000 Exception <a 'java/security/PrivilegedActionException'> (0x00000000d63c0698) thrown at [C:\re\workspace\8-2-build-windows-amd64-cygwin\jdk8u111\7883\hotspot\src\share\vm\prims\jvm.cpp, line 1386]
Event: 0.214 Thread 0x000000000239e000 Exception <a 'java/security/PrivilegedActionException'> (0x00000000d63c08a8) thrown at [C:\re\workspace\8-2-build-windows-amd64-cygwin\jdk8u111\7883\hotspot\src\share\vm\prims\jvm.cpp, line 1386]
Event: 0.215 Thread 0x000000000239e000 Exception <a 'java/security/PrivilegedActionException'> (0x00000000d63c4790) thrown at [C:\re\workspace\8-2-build-windows-amd64-cygwin\jdk8u111\7883\hotspot\src\share\vm\prims\jvm.cpp, line 1386]
Event: 0.215 Thread 0x000000000239e000 Exception <a 'java/security/PrivilegedActionException'> (0x00000000d63c49a0) thrown at [C:\re\workspace\8-2-build-windows-amd64-cygwin\jdk8u111\7883\hotspot\src\share\vm\prims\jvm.cpp, line 1386]
Event: 2.295 Thread 0x000000000239e000 Exception <a 'java/lang/NoSuchFieldError': method resolution failed> (0x00000000d6b05a68) thrown at [C:\re\workspace\8-2-build-windows-amd64-cygwin\jdk8u111\7883\hotspot\src\share\vm\prims\methodHandles.cpp, line 1146]
Event: 2.296 Thread 0x000000000239e000 Exception <a 'java/lang/NoSuchFieldError': method resolution failed> (0x00000000d6b13128) thrown at [C:\re\workspace\8-2-build-windows-amd64-cygwin\jdk8u111\7883\hotspot\src\share\vm\prims\methodHandles.cpp, line 1146]

Events (10 events):
Event: 2.429 loading class sun/security/internal/spec/TlsPrfParameterSpec
Event: 2.429 loading class sun/security/internal/spec/TlsPrfParameterSpec done
Event: 2.429 loading class com/sun/crypto/provider/TlsPrfGenerator$V12
Event: 2.429 loading class com/sun/crypto/provider/TlsPrfGenerator$V12 done
Event: 2.430 loading class sun/security/ssl/CipherBox$1
Event: 2.430 loading class sun/security/ssl/CipherBox$1 done
Event: 2.433 loading class com/microsoft/sqlserver/jdbc/AuthenticationJNI
Event: 2.433 loading class com/microsoft/sqlserver/jdbc/AuthenticationJNI done
Event: 2.434 loading class java/lang/ClassLoaderHelper
Event: 2.434 loading class java/lang/ClassLoaderHelper done


Dynamic libraries:
0x00007ff71e4b0000 - 0x00007ff71e4e7000 	C:\Program Files\Java\jdk1.8.0_111\bin\javaw.exe
0x00007ffd3f3c0000 - 0x00007ffd3f5b0000 	C:\WINDOWS\SYSTEM32\ntdll.dll
0x00007ffd3d5d0000 - 0x00007ffd3d682000 	C:\WINDOWS\System32\KERNEL32.DLL
0x00007ffd3c670000 - 0x00007ffd3c913000 	C:\WINDOWS\System32\KERNELBASE.dll
0x00007ffd3f2c0000 - 0x00007ffd3f363000 	C:\WINDOWS\System32\ADVAPI32.dll
0x00007ffd3ebb0000 - 0x00007ffd3ec4e000 	C:\WINDOWS\System32\msvcrt.dll
0x00007ffd3d690000 - 0x00007ffd3d727000 	C:\WINDOWS\System32\sechost.dll
0x00007ffd3d730000 - 0x00007ffd3d850000 	C:\WINDOWS\System32\RPCRT4.dll
0x00007ffd3ecb0000 - 0x00007ffd3ee44000 	C:\WINDOWS\System32\USER32.dll
0x00007ffd3d310000 - 0x00007ffd3d331000 	C:\WINDOWS\System32\win32u.dll
0x00007ffd3d470000 - 0x00007ffd3d496000 	C:\WINDOWS\System32\GDI32.dll
0x00007ffd3c3b0000 - 0x00007ffd3c544000 	C:\WINDOWS\System32\gdi32full.dll
0x00007ffd3c5d0000 - 0x00007ffd3c66e000 	C:\WINDOWS\System32\msvcp_win.dll
0x00007ffd3d0c0000 - 0x00007ffd3d1ba000 	C:\WINDOWS\System32\ucrtbase.dll
0x00007ffd30ba0000 - 0x00007ffd30e25000 	C:\WINDOWS\WinSxS\amd64_microsoft.windows.common-controls_6595b64144ccf1df_6.0.18362.535_none_e6c3b34713100821\COMCTL32.dll
0x00007ffd3db80000 - 0x00007ffd3deb6000 	C:\WINDOWS\System32\combase.dll
0x00007ffd3d340000 - 0x00007ffd3d3c0000 	C:\WINDOWS\System32\bcryptPrimitives.dll
0x00007ffd3d520000 - 0x00007ffd3d54e000 	C:\WINDOWS\System32\IMM32.DLL
0x00000000743d0000 - 0x00000000744a2000 	C:\Program Files\Java\jdk1.8.0_111\jre\bin\msvcr100.dll
0x0000000073b30000 - 0x00000000743ca000 	C:\Program Files\Java\jdk1.8.0_111\jre\bin\server\jvm.dll
0x00007ffd3e240000 - 0x00007ffd3e248000 	C:\WINDOWS\System32\PSAPI.DLL
0x00007ffd30e80000 - 0x00007ffd30e89000 	C:\WINDOWS\SYSTEM32\WSOCK32.dll
0x00007ffd3ea20000 - 0x00007ffd3ea8f000 	C:\WINDOWS\System32\WS2_32.dll
0x00007ffd38cb0000 - 0x00007ffd38cd4000 	C:\WINDOWS\SYSTEM32\WINMM.dll
0x00007ffd32ef0000 - 0x00007ffd32efa000 	C:\WINDOWS\SYSTEM32\VERSION.dll
0x00007ffd38c80000 - 0x00007ffd38cad000 	C:\WINDOWS\SYSTEM32\WINMMBASE.dll
0x00007ffd3c580000 - 0x00007ffd3c5ca000 	C:\WINDOWS\System32\cfgmgr32.dll
0x0000000073b20000 - 0x0000000073b2f000 	C:\Program Files\Java\jdk1.8.0_111\jre\bin\verify.dll
0x0000000073af0000 - 0x0000000073b19000 	C:\Program Files\Java\jdk1.8.0_111\jre\bin\java.dll
0x0000000073ad0000 - 0x0000000073ae6000 	C:\Program Files\Java\jdk1.8.0_111\jre\bin\zip.dll
0x00007ffd3e250000 - 0x00007ffd3e935000 	C:\WINDOWS\System32\SHELL32.dll
0x00007ffd3eb00000 - 0x00007ffd3eba9000 	C:\WINDOWS\System32\shcore.dll
0x00007ffd3c940000 - 0x00007ffd3d0bf000 	C:\WINDOWS\System32\windows.storage.dll
0x00007ffd3c2c0000 - 0x00007ffd3c2df000 	C:\WINDOWS\System32\profapi.dll
0x00007ffd3c2e0000 - 0x00007ffd3c32a000 	C:\WINDOWS\System32\powrprof.dll
0x00007ffd3c290000 - 0x00007ffd3c2a0000 	C:\WINDOWS\System32\UMPDC.dll
0x00007ffd3ec50000 - 0x00007ffd3eca2000 	C:\WINDOWS\System32\shlwapi.dll
0x00007ffd3c330000 - 0x00007ffd3c341000 	C:\WINDOWS\System32\kernel.appcore.dll
0x00007ffd3c920000 - 0x00007ffd3c937000 	C:\WINDOWS\System32\cryptsp.dll
0x0000000073ab0000 - 0x0000000073aca000 	C:\Program Files\Java\jdk1.8.0_111\jre\bin\net.dll
0x00007ffd3bb00000 - 0x00007ffd3bb67000 	C:\WINDOWS\system32\mswsock.dll
0x00007ffd3b7f0000 - 0x00007ffd3b8ba000 	C:\WINDOWS\SYSTEM32\DNSAPI.dll
0x00007ffd3f370000 - 0x00007ffd3f378000 	C:\WINDOWS\System32\NSI.dll
0x00007ffd3b7b0000 - 0x00007ffd3b7ea000 	C:\WINDOWS\SYSTEM32\IPHLPAPI.DLL
0x00007ffd31bc0000 - 0x00007ffd31bca000 	C:\Windows\System32\rasadhlp.dll
0x00007ffd32fe0000 - 0x00007ffd33057000 	C:\WINDOWS\System32\fwpuclnt.dll
0x00007ffd3c550000 - 0x00007ffd3c576000 	C:\WINDOWS\System32\bcrypt.dll
0x0000000073a80000 - 0x0000000073aa4000 	C:\Program Files\Java\jdk1.8.0_111\jre\bin\sunec.dll
0x00007ffd3b610000 - 0x00007ffd3b643000 	C:\WINDOWS\system32\rsaenh.dll
0x00007ffd3c1b0000 - 0x00007ffd3c1d5000 	C:\WINDOWS\SYSTEM32\USERENV.dll
0x00007ffd3bcd0000 - 0x00007ffd3bcdc000 	C:\WINDOWS\SYSTEM32\CRYPTBASE.dll
0x00007ffd33310000 - 0x00007ffd33326000 	C:\WINDOWS\SYSTEM32\dhcpcsvc6.DLL
0x00007ffd35620000 - 0x00007ffd3563c000 	C:\WINDOWS\SYSTEM32\dhcpcsvc.DLL
0x0000000073a60000 - 0x0000000073a71000 	C:\Program Files\Java\jdk1.8.0_111\jre\bin\nio.dll
0x0000000073a50000 - 0x0000000073a5b000 	C:\Program Files\Java\jdk1.8.0_111\jre\bin\sunmscapi.dll
0x00007ffd3d1c0000 - 0x00007ffd3d309000 	C:\WINDOWS\System32\CRYPT32.dll
0x00007ffd3c2a0000 - 0x00007ffd3c2b2000 	C:\WINDOWS\System32\MSASN1.dll
0x00007ffd21ca0000 - 0x00007ffd21ceb000 	C:\sqlauth\sqljdbc_auth.dll
0x00007ffd3dec0000 - 0x00007ffd3e016000 	C:\WINDOWS\System32\ole32.dll
0x00007ffd2d5c0000 - 0x00007ffd2d5cc000 	C:\WINDOWS\system32\secur32.dll
0x00007ffd3c180000 - 0x00007ffd3c1af000 	C:\WINDOWS\SYSTEM32\SSPICLI.DLL
0x00007ffd3bbc0000 - 0x00007ffd3bcc3000 	C:\WINDOWS\system32\kerberos.DLL
0x00007ffd3ba80000 - 0x00007ffd3baf7000 	C:\WINDOWS\system32\msv1_0.DLL
0x00007ffd3ba70000 - 0x00007ffd3ba7d000 	C:\WINDOWS\SYSTEM32\NtlmShared.dll
0x00007ffd3bb70000 - 0x00007ffd3bb84000 	C:\WINDOWS\SYSTEM32\cryptdll.dll
0x00007ffd17aa0000 - 0x00007ffd17ac8000 	C:\WINDOWS\system32\ntdsapi.dll
0x00007ffd2d2b0000 - 0x00007ffd2d2c6000 	C:\WINDOWS\system32\napinsp.dll
0x00007ffd2d290000 - 0x00007ffd2d2aa000 	C:\WINDOWS\system32\pnrpnsp.dll
0x00007ffd2d280000 - 0x00007ffd2d28e000 	C:\WINDOWS\System32\winrnr.dll
0x00007ffd38dc0000 - 0x00007ffd38ddc000 	C:\WINDOWS\system32\NLAapi.dll
0x00007ffd2d260000 - 0x00007ffd2d275000 	C:\WINDOWS\system32\wshbth.dll
0x00007ffd2f590000 - 0x00007ffd2f784000 	C:\WINDOWS\SYSTEM32\dbghelp.dll

VM Arguments:
jvm_args: -Djava.library.path=C:\\sqlauth -Dfile.encoding=Cp1252 
java_command: com.db.DbConnection
java_class_path (initial): C:\Users\Agustí\workspace - udemy\DataBaseConnectivity\bin;C:\Users\Agustí\workspace - udemy\DataBaseConnectivity\lib\sqljdbc4-3.0.jar;C:\Users\Agustí\workspace - udemy\DataBaseConnectivity\lib\mysql-connector-java-5.1.38.jar
Launcher Type: SUN_STANDARD

Environment Variables:
JAVA_HOME=C:\Program Files\Java\jdk1.8.0_111
CLASSPATH=%CLASSPATH%,%JUNIT_HOME%\junit-4.10.jar,C:\Users\Agustí\Desktop\Ma_documents\java_i_altres\junit-4.10.jar\junit-4.10.jar,C:\Users\Agustí\Desktop\Ma_documents\java_i_altres\junit-4.10.jar\junit-4.10.jar
PATH=C:\Program Files\Microsoft MPI\Bin\;C:\Program Files (x86)\Common Files\Oracle\Java\javapath;C:\ProgramData\Oracle\Java\javapath;C:\Program Files (x86)\Intel\iCLS Client\;C:\Program Files\Intel\iCLS Client\;C:\WINDOWS\system32;C:\WINDOWS;C:\WINDOWS\System32\Wbem;C:\WINDOWS\System32\WindowsPowerShell\v1.0\;C:\Program Files\Git\cmd;C:\Users\Agustí\Desktop\Ma_documents\java_i_altres\Maven\apache-maven-2.2.1-bin\apache-maven-2.2.1\bin;C:\Program Files\Java\jdk1.8.0_111\bin;C:\Program Files\MySQL\MySQL Server 5.5\bin;C:\Program Files\Java\jdk1.8.0_111;C:\Users\Agustí\Desktop\Ma_documents\java_i_altres\Maven\apache-maven-2.2.1-bin\apache-maven-2.2.1\bin;C:\Program Files (x86)\Java\jdk1.8.0_161;C:\Users\Agust%c3%ad\Desktop\Ma_documents\java_i_altres\Maven\apache-maven-2.2.1-bin\apache-maven-2.2.1\bin;\bin;C:\android-sdk\tools;C:\android-sdk\platform-tools;C:\android-sdk\build-tools;C:\seleniumDrivers;C:\Program Files\PuTTY\;C:\WINDOWS\System32\OpenSSH\;C:\Program Files (x86)\Intel\Intel(R) Management Engine Components\DAL;C:\Program Files\Intel\Intel(R) Management Engine Components\DAL;C:\Program Files (x86)\Intel\Intel(R) Management Engine Components\IPT;C:\Program Files\Intel\Intel(R) Management Engine Components\IPT;C:\Users\Agustí\Desktop\Ma_documents\java_i_altres\Maven\apache-maven-3.6.3\bin;C:\Program Files (x86)\Microsoft SQL Server\140\Tools\Binn\;C:\Program Files\Microsoft SQL Server\140\Tools\Binn\;C:\Program Files (x86)\Microsoft SQL Server\140\DTS\Binn\;C:\Program Files\Microsoft SQL Server\140\DTS\Binn\;C:\Program Files\Microsoft SQL Server\Client SDK\ODBC\130\Tools\Binn\;C:\Program Files (x86)\Microsoft SQL Server\150\DTS\Binn\;C:\Users\Agustí\AppData\Local\Microsoft\WindowsApps;C:\Users\Agustí\Desktop\Ma_documents\java_i_altres\android-sdk_r07-windows\android-sdk-windows\tools;C:\Users\Agustí\Desktop\Ma_documents\java_i_altres\Maven\apache-maven-2.2.1-bin\apache-maven-2.2.1\bin;C:\Program Files\Java\jdk1.8.0_111\bin;
USERNAME=Agustí
OS=Windows_NT
PROCESSOR_IDENTIFIER=Intel64 Family 6 Model 94 Stepping 3, GenuineIntel



---------------  S Y S T E M  ---------------

OS: Windows 10.0 , 64 bit Build 18362 (10.0.18362.329)

CPU:total 4 (2 cores per cpu, 2 threads per core) family 6 model 94 stepping 3, cmov, cx8, fxsr, mmx, sse, sse2, sse3, ssse3, sse4.1, sse4.2, popcnt, avx, avx2, aes, clmul, erms, 3dnowpref, lzcnt, ht, tsc, tscinvbit, bmi1, bmi2, adx

Memory: 4k page, physical 8243504k(3600152k free), swap 11664472k(2924968k free)

vm_info: Java HotSpot(TM) 64-Bit Server VM (25.111-b14) for windows-amd64 JRE (1.8.0_111-b14), built on Sep 22 2016 19:24:05 by "java_re" with MS VC++ 10.0 (VS2010)

time: Sun Jan 05 11:05:22 2020
elapsed time: 2 seconds (0d 0h 0m 2s)

