#
# A fatal error has been detected by the Java Runtime Environment:
#
#  EXCEPTION_ACCESS_VIOLATION (0xc0000005) at pc=0x0000000073c6e963, pid=13468, tid=0x0000000000001954
#
# JRE version: Java(TM) SE Runtime Environment (8.0_111-b14) (build 1.8.0_111-b14)
# Java VM: Java HotSpot(TM) 64-Bit Server VM (25.111-b14 mixed mode windows-amd64 compressed oops)
# Problematic frame:
# V  [jvm.dll+0x13e963]
#
# Failed to write core dump. Minidumps are not enabled by default on client versions of Windows
#
# If you would like to submit a bug report, please visit:
#   http://bugreport.java.com/bugreport/crash.jsp
#

---------------  T H R E A D  ---------------

Current thread (0x00000000029fe800):  JavaThread "main" [_thread_in_vm, id=6484, stack(0x0000000000fc0000,0x00000000010c0000)]

siginfo: ExceptionCode=0xc0000005, reading address 0x000000039eb9ec68

Registers:
RAX=0x0000000000000000, RBX=0x00000000029fe800, RCX=0x0000000000000003, RDX=0x000000039eb9ec00
RSP=0x00000000010be800, RBP=0x00000000010be950, RSI=0x00000000029fe9f8, RDI=0x00000000029fe800
R8 =0xffff8002de332ef0, R9 =0x00007ffd21ccd13f, R10=0x000000000000002f, R11=0x000000000000002f
R12=0x00000000010beb90, R13=0x0000000000000000, R14=0x00000000010beb88, R15=0x0000000000000000
RIP=0x0000000073c6e963, EFLAGS=0x0000000000010206

Top of Stack: (sp=0x00000000010be800)
0x00000000010be800:   00007ffd21ccd110 00000000029fe800
0x00000000010be810:   00000000010be950 0000000000000000
0x00000000010be820:   00000000029fe800 0000000000000000
0x00000000010be830:   0000000000000000 0000000000000000
0x00000000010be840:   000000000298e0f0 00007ffd21ca6777
0x00000000010be850:   00000000029fe9f8 00000000010be950
0x00000000010be860:   00000000029fe800 0000000002ae1797
0x00000000010be870:   0000000002ae1aa0 0000000000000000
0x00000000010be880:   0000000000000000 0000000000000000
0x00000000010be890:   0000000002ae16a0 0000000002010000
0x00000000010be8a0:   00000000010be800 0000000000000000
0x00000000010be8b0:   0000000000000000 0000000000000000
0x00000000010be8c0:   0000000000000000 0000000000000000
0x00000000010be8d0:   0000000000000000 0000000000000000
0x00000000010be8e0:   00000000010beb58 0000000000000000
0x00000000010be8f0:   00000000010beb70 00000000010beb68 

Instructions: (pc=0x0000000073c6e963)
0x0000000073c6e943:   00 00 48 8b 17 74 15 8b 52 08 8b 0d 55 fe 65 00
0x0000000073c6e953:   48 d3 e2 48 03 15 43 fe 65 00 eb 04 48 8b 52 08
0x0000000073c6e963:   48 8b 52 68 48 8b ce e8 e1 7c 0d 00 48 83 7c 24
0x0000000073c6e973:   28 00 48 8b f0 74 0a 48 8d 4c 24 20 e8 9c cd 13 


Register to memory mapping:

RAX=0x0000000000000000 is an unknown value
RBX=0x00000000029fe800 is a thread
RCX=0x0000000000000003 is an unknown value
RDX=0x000000039eb9ec00 is an unknown value
RSP=0x00000000010be800 is pointing into the stack for thread: 0x00000000029fe800
RBP=0x00000000010be950 is pointing into the stack for thread: 0x00000000029fe800
RSI=0x00000000029fe9f8 is an unknown value
RDI=0x00000000029fe800 is a thread
R8 =0xffff8002de332ef0 is an unknown value
R9 =0x00007ffd21ccd13f is an unknown value
R10=0x000000000000002f is an unknown value
R11=0x000000000000002f is an unknown value
R12=0x00000000010beb90 is pointing into the stack for thread: 0x00000000029fe800
R13=0x0000000000000000 is an unknown value
R14=0x00000000010beb88 is pointing into the stack for thread: 0x00000000029fe800
R15=0x0000000000000000 is an unknown value


Stack: [0x0000000000fc0000,0x00000000010c0000],  sp=0x00000000010be800,  free space=1018k
Native frames: (J=compiled Java code, j=interpreted, Vv=VM code, C=native code)
V  [jvm.dll+0x13e963]
C  [sqljdbc_auth.dll+0x6777]
C  0x0000000002a97f74

Java frames: (J=compiled Java code, j=interpreted, Vv=VM code)
j  com.microsoft.sqlserver.jdbc.AuthenticationJNI.SNISecGenClientContext([B[I[BI[B[I[ZLjava/lang/String;Ljava/lang/String;Ljava/lang/String;Ljava/util/logging/Logger;)I+0
j  com.microsoft.sqlserver.jdbc.AuthenticationJNI.GenerateClientContext([BI[B[I[Z)I+24
j  com.microsoft.sqlserver.jdbc.SQLServerConnection.SSPIData([B[B[I[ZLcom/microsoft/sqlserver/jdbc/AuthenticationJNI;)V+13
j  com.microsoft.sqlserver.jdbc.SQLServerConnection.sendLogon(Lcom/microsoft/sqlserver/jdbc/SQLServerConnection$LogonCommand;Lcom/microsoft/sqlserver/jdbc/AuthenticationJNI;)V+151
j  com.microsoft.sqlserver.jdbc.SQLServerConnection.logon(Lcom/microsoft/sqlserver/jdbc/SQLServerConnection$LogonCommand;)V+20
j  com.microsoft.sqlserver.jdbc.SQLServerConnection.access$000(Lcom/microsoft/sqlserver/jdbc/SQLServerConnection;Lcom/microsoft/sqlserver/jdbc/SQLServerConnection$LogonCommand;)V+2
j  com.microsoft.sqlserver.jdbc.SQLServerConnection$LogonCommand.doExecute()Z+5
j  com.microsoft.sqlserver.jdbc.TDSCommand.execute(Lcom/microsoft/sqlserver/jdbc/TDSWriter;Lcom/microsoft/sqlserver/jdbc/TDSReader;)Z+30
j  com.microsoft.sqlserver.jdbc.SQLServerConnection.executeCommand(Lcom/microsoft/sqlserver/jdbc/TDSCommand;)Z+45
j  com.microsoft.sqlserver.jdbc.SQLServerConnection.connectHelper(Lcom/microsoft/sqlserver/jdbc/ServerPortPlaceHolder;II)V+284
j  com.microsoft.sqlserver.jdbc.SQLServerConnection.login(Ljava/lang/String;Ljava/lang/String;ILjava/lang/String;Lcom/microsoft/sqlserver/jdbc/FailoverInfo;IJ)V+399
j  com.microsoft.sqlserver.jdbc.SQLServerConnection.connect(Ljava/util/Properties;Lcom/microsoft/sqlserver/jdbc/SQLServerPooledConnection;)Ljava/sql/Connection;+1736
j  com.microsoft.sqlserver.jdbc.SQLServerDriver.connect(Ljava/lang/String;Ljava/util/Properties;)Ljava/sql/Connection;+45
j  java.sql.DriverManager.getConnection(Ljava/lang/String;Ljava/util/Properties;Ljava/lang/Class;)Ljava/sql/Connection;+171
j  java.sql.DriverManager.getConnection(Ljava/lang/String;)Ljava/sql/Connection;+13
j  com.db.DbConnection.main([Ljava/lang/String;)V+10
v  ~StubRoutines::call_stub

---------------  P R O C E S S  ---------------

Java Threads: ( => current thread )
  0x0000000019179000 JavaThread "Abandoned connection cleanup thread" daemon [_thread_blocked, id=116, stack(0x00000000194c0000,0x00000000195c0000)]
  0x0000000018ee9000 JavaThread "Service Thread" daemon [_thread_blocked, id=16320, stack(0x00000000192c0000,0x00000000193c0000)]
  0x000000001755b000 JavaThread "C1 CompilerThread2" daemon [_thread_blocked, id=15732, stack(0x0000000018dc0000,0x0000000018ec0000)]
  0x0000000017557800 JavaThread "C2 CompilerThread1" daemon [_thread_blocked, id=16316, stack(0x0000000018cc0000,0x0000000018dc0000)]
  0x0000000017550000 JavaThread "C2 CompilerThread0" daemon [_thread_blocked, id=16268, stack(0x0000000018bc0000,0x0000000018cc0000)]
  0x000000001754d800 JavaThread "Attach Listener" daemon [_thread_blocked, id=16464, stack(0x0000000018ac0000,0x0000000018bc0000)]
  0x000000001754c800 JavaThread "Signal Dispatcher" daemon [_thread_blocked, id=1428, stack(0x00000000189c0000,0x0000000018ac0000)]
  0x000000000299d000 JavaThread "Finalizer" daemon [_thread_blocked, id=15852, stack(0x00000000187a0000,0x00000000188a0000)]
  0x0000000002992800 JavaThread "Reference Handler" daemon [_thread_blocked, id=15444, stack(0x00000000186a0000,0x00000000187a0000)]
=>0x00000000029fe800 JavaThread "main" [_thread_in_vm, id=6484, stack(0x0000000000fc0000,0x00000000010c0000)]

Other Threads:
  0x0000000017517800 VMThread [stack: 0x00000000185a0000,0x00000000186a0000] [id=16564]
  0x0000000018ed5000 WatcherThread [stack: 0x00000000193c0000,0x00000000194c0000] [id=14088]

VM state:not at safepoint (normal execution)

VM Mutex/Monitor currently owned by a thread: None

Heap:
 PSYoungGen      total 37888K, used 16463K [0x00000000d6100000, 0x00000000d8b00000, 0x0000000100000000)
  eden space 32768K, 50% used [0x00000000d6100000,0x00000000d7113f18,0x00000000d8100000)
  from space 5120K, 0% used [0x00000000d8600000,0x00000000d8600000,0x00000000d8b00000)
  to   space 5120K, 0% used [0x00000000d8100000,0x00000000d8100000,0x00000000d8600000)
 ParOldGen       total 86016K, used 0K [0x0000000082200000, 0x0000000087600000, 0x00000000d6100000)
  object space 86016K, 0% used [0x0000000082200000,0x0000000082200000,0x0000000087600000)
 Metaspace       used 8469K, capacity 8666K, committed 8704K, reserved 1056768K
  class space    used 913K, capacity 993K, committed 1024K, reserved 1048576K

Card table byte_map: [0x0000000011e40000,0x0000000012230000] byte_map_base: 0x0000000011a2f000

Marking Bits: (ParMarkBitMap*) 0x000000007434a6c0
 Begin Bits: [0x00000000128d0000, 0x0000000014848000)
 End Bits:   [0x0000000014848000, 0x00000000167c0000)

Polling page: 0x0000000000b50000

CodeCache: size=245760Kb used=2905Kb max_used=2917Kb free=242854Kb
 bounds [0x0000000002a80000, 0x0000000002d60000, 0x0000000011a80000]
 total_blobs=1151 nmethods=789 adapters=275
 compilation: enabled

Compilation events (10 events):
Event: 2.188 Thread 0x0000000017557800  786       4       java.lang.String::replace (127 bytes)
Event: 2.188 Thread 0x000000001755b000  787       3       java.lang.reflect.Constructor::newInstance (87 bytes)
Event: 2.188 Thread 0x000000001755b000 nmethod 787 0x0000000002d54650 code [0x0000000002d54840, 0x0000000002d54f68]
Event: 2.191 Thread 0x000000001755b000  788   !   3       sun.reflect.GeneratedConstructorAccessor2::newInstance (49 bytes)
Event: 2.191 Thread 0x000000001755b000 nmethod 788 0x0000000002d57f50 code [0x0000000002d58120, 0x0000000002d586a8]
Event: 2.192 Thread 0x000000001755b000  789       3       sun.nio.cs.Surrogate$Parser::<init> (12 bytes)
Event: 2.192 Thread 0x000000001755b000 nmethod 789 0x0000000002d57910 code [0x0000000002d57a80, 0x0000000002d57c50]
Event: 2.193 Thread 0x0000000017550000  790       4       java.lang.String::indexOf (7 bytes)
Event: 2.194 Thread 0x0000000017550000 nmethod 790 0x0000000002d56090 code [0x0000000002d561c0, 0x0000000002d56318]
Event: 2.196 Thread 0x0000000017557800 nmethod 786 0x0000000002d59a90 code [0x0000000002d59be0, 0x0000000002d5a078]

GC Heap History (0 events):
No events

Deoptimization events (5 events):
Event: 1.979 Thread 0x00000000029fe800 Uncommon trap: reason=unstable_if action=reinterpret pc=0x0000000002c2c55c method=java.lang.CharacterDataLatin1.digit(II)I @ 82
Event: 2.087 Thread 0x00000000029fe800 Uncommon trap: reason=bimorphic action=maybe_recompile pc=0x0000000002c5f4f4 method=java.util.regex.Pattern$BmpCharProperty.match(Ljava/util/regex/Matcher;ILjava/lang/CharSequence;)Z @ 31
Event: 2.087 Thread 0x00000000029fe800 Uncommon trap: reason=bimorphic action=maybe_recompile pc=0x0000000002c5f4f4 method=java.util.regex.Pattern$BmpCharProperty.match(Ljava/util/regex/Matcher;ILjava/lang/CharSequence;)Z @ 31
Event: 2.087 Thread 0x00000000029fe800 Uncommon trap: reason=bimorphic action=maybe_recompile pc=0x0000000002c5f4f4 method=java.util.regex.Pattern$BmpCharProperty.match(Ljava/util/regex/Matcher;ILjava/lang/CharSequence;)Z @ 31
Event: 2.087 Thread 0x00000000029fe800 Uncommon trap: reason=bimorphic action=maybe_recompile pc=0x0000000002c5f4f4 method=java.util.regex.Pattern$BmpCharProperty.match(Ljava/util/regex/Matcher;ILjava/lang/CharSequence;)Z @ 31

Internal exceptions (8 events):
Event: 0.043 Thread 0x00000000029fe800 Exception <a 'java/lang/NoSuchMethodError': Method sun.misc.Unsafe.defineClass(Ljava/lang/String;[BII)Ljava/lang/Class; name or signature does not match> (0x00000000d6107c78) thrown at [C:\re\workspace\8-2-build-windows-amd64-cygwin\jdk8u111\7883\hotspot\
Event: 0.043 Thread 0x00000000029fe800 Exception <a 'java/lang/NoSuchMethodError': Method sun.misc.Unsafe.prefetchRead(Ljava/lang/Object;J)V name or signature does not match> (0x00000000d6107f60) thrown at [C:\re\workspace\8-2-build-windows-amd64-cygwin\jdk8u111\7883\hotspot\src\share\vm\prims
Event: 0.223 Thread 0x00000000029fe800 Exception <a 'java/security/PrivilegedActionException'> (0x00000000d63c42c8) thrown at [C:\re\workspace\8-2-build-windows-amd64-cygwin\jdk8u111\7883\hotspot\src\share\vm\prims\jvm.cpp, line 1386]
Event: 0.223 Thread 0x00000000029fe800 Exception <a 'java/security/PrivilegedActionException'> (0x00000000d63c44d8) thrown at [C:\re\workspace\8-2-build-windows-amd64-cygwin\jdk8u111\7883\hotspot\src\share\vm\prims\jvm.cpp, line 1386]
Event: 0.224 Thread 0x00000000029fe800 Exception <a 'java/security/PrivilegedActionException'> (0x00000000d63c83c0) thrown at [C:\re\workspace\8-2-build-windows-amd64-cygwin\jdk8u111\7883\hotspot\src\share\vm\prims\jvm.cpp, line 1386]
Event: 0.224 Thread 0x00000000029fe800 Exception <a 'java/security/PrivilegedActionException'> (0x00000000d63c85d0) thrown at [C:\re\workspace\8-2-build-windows-amd64-cygwin\jdk8u111\7883\hotspot\src\share\vm\prims\jvm.cpp, line 1386]
Event: 2.047 Thread 0x00000000029fe800 Exception <a 'java/lang/NoSuchFieldError': method resolution failed> (0x00000000d6b0d8e0) thrown at [C:\re\workspace\8-2-build-windows-amd64-cygwin\jdk8u111\7883\hotspot\src\share\vm\prims\methodHandles.cpp, line 1146]
Event: 2.048 Thread 0x00000000029fe800 Exception <a 'java/lang/NoSuchFieldError': method resolution failed> (0x00000000d6b1afa0) thrown at [C:\re\workspace\8-2-build-windows-amd64-cygwin\jdk8u111\7883\hotspot\src\share\vm\prims\methodHandles.cpp, line 1146]

Events (10 events):
Event: 2.192 loading class sun/security/internal/spec/TlsPrfParameterSpec
Event: 2.192 loading class sun/security/internal/spec/TlsPrfParameterSpec done
Event: 2.192 loading class com/sun/crypto/provider/TlsPrfGenerator$V12
Event: 2.192 loading class com/sun/crypto/provider/TlsPrfGenerator$V12 done
Event: 2.192 loading class sun/security/ssl/CipherBox$1
Event: 2.193 loading class sun/security/ssl/CipherBox$1 done
Event: 2.195 loading class com/microsoft/sqlserver/jdbc/AuthenticationJNI
Event: 2.195 loading class com/microsoft/sqlserver/jdbc/AuthenticationJNI done
Event: 2.196 loading class java/lang/ClassLoaderHelper
Event: 2.196 loading class java/lang/ClassLoaderHelper done


Dynamic libraries:
0x00007ff71e4b0000 - 0x00007ff71e4e7000 	C:\Program Files\Java\jdk1.8.0_111\bin\javaw.exe
0x00007ffd3f3c0000 - 0x00007ffd3f5b0000 	C:\WINDOWS\SYSTEM32\ntdll.dll
0x00007ffd3d5d0000 - 0x00007ffd3d682000 	C:\WINDOWS\System32\KERNEL32.DLL
0x00007ffd3c670000 - 0x00007ffd3c913000 	C:\WINDOWS\System32\KERNELBASE.dll
0x00007ffd3f2c0000 - 0x00007ffd3f363000 	C:\WINDOWS\System32\ADVAPI32.dll
0x00007ffd3ebb0000 - 0x00007ffd3ec4e000 	C:\WINDOWS\System32\msvcrt.dll
0x00007ffd3d690000 - 0x00007ffd3d727000 	C:\WINDOWS\System32\sechost.dll
0x00007ffd3d730000 - 0x00007ffd3d850000 	C:\WINDOWS\System32\RPCRT4.dll
0x00007ffd3ecb0000 - 0x00007ffd3ee44000 	C:\WINDOWS\System32\USER32.dll
0x00007ffd3d310000 - 0x00007ffd3d331000 	C:\WINDOWS\System32\win32u.dll
0x00007ffd3d470000 - 0x00007ffd3d496000 	C:\WINDOWS\System32\GDI32.dll
0x00007ffd3c3b0000 - 0x00007ffd3c544000 	C:\WINDOWS\System32\gdi32full.dll
0x00007ffd3c5d0000 - 0x00007ffd3c66e000 	C:\WINDOWS\System32\msvcp_win.dll
0x00007ffd3d0c0000 - 0x00007ffd3d1ba000 	C:\WINDOWS\System32\ucrtbase.dll
0x00007ffd30ba0000 - 0x00007ffd30e25000 	C:\WINDOWS\WinSxS\amd64_microsoft.windows.common-controls_6595b64144ccf1df_6.0.18362.535_none_e6c3b34713100821\COMCTL32.dll
0x00007ffd3db80000 - 0x00007ffd3deb6000 	C:\WINDOWS\System32\combase.dll
0x00007ffd3d340000 - 0x00007ffd3d3c0000 	C:\WINDOWS\System32\bcryptPrimitives.dll
0x00007ffd3d520000 - 0x00007ffd3d54e000 	C:\WINDOWS\System32\IMM32.DLL
0x00000000743d0000 - 0x00000000744a2000 	C:\Program Files\Java\jdk1.8.0_111\jre\bin\msvcr100.dll
0x0000000073b30000 - 0x00000000743ca000 	C:\Program Files\Java\jdk1.8.0_111\jre\bin\server\jvm.dll
0x00007ffd3e240000 - 0x00007ffd3e248000 	C:\WINDOWS\System32\PSAPI.DLL
0x00007ffd30e80000 - 0x00007ffd30e89000 	C:\WINDOWS\SYSTEM32\WSOCK32.dll
0x00007ffd32ef0000 - 0x00007ffd32efa000 	C:\WINDOWS\SYSTEM32\VERSION.dll
0x00007ffd3ea20000 - 0x00007ffd3ea8f000 	C:\WINDOWS\System32\WS2_32.dll
0x00007ffd38cb0000 - 0x00007ffd38cd4000 	C:\WINDOWS\SYSTEM32\WINMM.dll
0x00007ffd38c80000 - 0x00007ffd38cad000 	C:\WINDOWS\SYSTEM32\WINMMBASE.dll
0x00007ffd3c580000 - 0x00007ffd3c5ca000 	C:\WINDOWS\System32\cfgmgr32.dll
0x0000000073b20000 - 0x0000000073b2f000 	C:\Program Files\Java\jdk1.8.0_111\jre\bin\verify.dll
0x0000000073af0000 - 0x0000000073b19000 	C:\Program Files\Java\jdk1.8.0_111\jre\bin\java.dll
0x0000000073ad0000 - 0x0000000073ae6000 	C:\Program Files\Java\jdk1.8.0_111\jre\bin\zip.dll
0x00007ffd3e250000 - 0x00007ffd3e935000 	C:\WINDOWS\System32\SHELL32.dll
0x00007ffd3eb00000 - 0x00007ffd3eba9000 	C:\WINDOWS\System32\shcore.dll
0x00007ffd3c940000 - 0x00007ffd3d0bf000 	C:\WINDOWS\System32\windows.storage.dll
0x00007ffd3c2c0000 - 0x00007ffd3c2df000 	C:\WINDOWS\System32\profapi.dll
0x00007ffd3c2e0000 - 0x00007ffd3c32a000 	C:\WINDOWS\System32\powrprof.dll
0x00007ffd3c290000 - 0x00007ffd3c2a0000 	C:\WINDOWS\System32\UMPDC.dll
0x00007ffd3ec50000 - 0x00007ffd3eca2000 	C:\WINDOWS\System32\shlwapi.dll
0x00007ffd3c330000 - 0x00007ffd3c341000 	C:\WINDOWS\System32\kernel.appcore.dll
0x00007ffd3c920000 - 0x00007ffd3c937000 	C:\WINDOWS\System32\cryptsp.dll
0x0000000073ab0000 - 0x0000000073aca000 	C:\Program Files\Java\jdk1.8.0_111\jre\bin\net.dll
0x00007ffd3bb00000 - 0x00007ffd3bb67000 	C:\WINDOWS\system32\mswsock.dll
0x00007ffd3b7f0000 - 0x00007ffd3b8ba000 	C:\WINDOWS\SYSTEM32\DNSAPI.dll
0x00007ffd3f370000 - 0x00007ffd3f378000 	C:\WINDOWS\System32\NSI.dll
0x00007ffd3b7b0000 - 0x00007ffd3b7ea000 	C:\WINDOWS\SYSTEM32\IPHLPAPI.DLL
0x00007ffd31bc0000 - 0x00007ffd31bca000 	C:\Windows\System32\rasadhlp.dll
0x00007ffd32fe0000 - 0x00007ffd33057000 	C:\WINDOWS\System32\fwpuclnt.dll
0x00007ffd3c550000 - 0x00007ffd3c576000 	C:\WINDOWS\System32\bcrypt.dll
0x0000000073a80000 - 0x0000000073aa4000 	C:\Program Files\Java\jdk1.8.0_111\jre\bin\sunec.dll
0x00007ffd3b610000 - 0x00007ffd3b643000 	C:\WINDOWS\system32\rsaenh.dll
0x00007ffd3c1b0000 - 0x00007ffd3c1d5000 	C:\WINDOWS\SYSTEM32\USERENV.dll
0x00007ffd3bcd0000 - 0x00007ffd3bcdc000 	C:\WINDOWS\SYSTEM32\CRYPTBASE.dll
0x00007ffd33310000 - 0x00007ffd33326000 	C:\WINDOWS\SYSTEM32\dhcpcsvc6.DLL
0x00007ffd35620000 - 0x00007ffd3563c000 	C:\WINDOWS\SYSTEM32\dhcpcsvc.DLL
0x0000000073a60000 - 0x0000000073a71000 	C:\Program Files\Java\jdk1.8.0_111\jre\bin\nio.dll
0x0000000073a50000 - 0x0000000073a5b000 	C:\Program Files\Java\jdk1.8.0_111\jre\bin\sunmscapi.dll
0x00007ffd3d1c0000 - 0x00007ffd3d309000 	C:\WINDOWS\System32\CRYPT32.dll
0x00007ffd3c2a0000 - 0x00007ffd3c2b2000 	C:\WINDOWS\System32\MSASN1.dll
0x00007ffd21ca0000 - 0x00007ffd21ceb000 	C:\Program Files\Java\jdk1.8.0_111\bin\sqljdbc_auth.dll
0x00007ffd3dec0000 - 0x00007ffd3e016000 	C:\WINDOWS\System32\ole32.dll
0x00007ffd2d5c0000 - 0x00007ffd2d5cc000 	C:\WINDOWS\system32\secur32.dll
0x00007ffd3c180000 - 0x00007ffd3c1af000 	C:\WINDOWS\SYSTEM32\SSPICLI.DLL
0x00007ffd3bbc0000 - 0x00007ffd3bcc3000 	C:\WINDOWS\system32\kerberos.DLL
0x00007ffd3ba80000 - 0x00007ffd3baf7000 	C:\WINDOWS\system32\msv1_0.DLL
0x00007ffd3ba70000 - 0x00007ffd3ba7d000 	C:\WINDOWS\SYSTEM32\NtlmShared.dll
0x00007ffd3bb70000 - 0x00007ffd3bb84000 	C:\WINDOWS\SYSTEM32\cryptdll.dll
0x00007ffd17aa0000 - 0x00007ffd17ac8000 	C:\WINDOWS\system32\ntdsapi.dll
0x00007ffd2d2b0000 - 0x00007ffd2d2c6000 	C:\WINDOWS\system32\napinsp.dll
0x00007ffd2d290000 - 0x00007ffd2d2aa000 	C:\WINDOWS\system32\pnrpnsp.dll
0x00007ffd2d280000 - 0x00007ffd2d28e000 	C:\WINDOWS\System32\winrnr.dll
0x00007ffd38dc0000 - 0x00007ffd38ddc000 	C:\WINDOWS\system32\NLAapi.dll
0x00007ffd2d260000 - 0x00007ffd2d275000 	C:\WINDOWS\system32\wshbth.dll
0x00007ffd2f590000 - 0x00007ffd2f784000 	C:\WINDOWS\SYSTEM32\dbghelp.dll

VM Arguments:
jvm_args: -Dfile.encoding=Cp1252 
java_command: com.db.DbConnection
java_class_path (initial): C:\Users\Agustí\workspace - udemy\DataBaseConnectivity\bin;C:\Users\Agustí\workspace - udemy\DataBaseConnectivity\lib\sqljdbc4-3.0.jar;C:\Users\Agustí\workspace - udemy\DataBaseConnectivity\lib\mysql-connector-java-5.1.38.jar
Launcher Type: SUN_STANDARD

Environment Variables:
JAVA_HOME=C:\Program Files\Java\jdk1.8.0_111
CLASSPATH=%CLASSPATH%,%JUNIT_HOME%\junit-4.10.jar,C:\Users\Agustí\Desktop\Ma_documents\java_i_altres\junit-4.10.jar\junit-4.10.jar,C:\Users\Agustí\Desktop\Ma_documents\java_i_altres\junit-4.10.jar\junit-4.10.jar
PATH=C:\Program Files\Microsoft MPI\Bin\;C:\Program Files (x86)\Common Files\Oracle\Java\javapath;C:\ProgramData\Oracle\Java\javapath;C:\Program Files (x86)\Intel\iCLS Client\;C:\Program Files\Intel\iCLS Client\;C:\WINDOWS\system32;C:\WINDOWS;C:\WINDOWS\System32\Wbem;C:\WINDOWS\System32\WindowsPowerShell\v1.0\;C:\Program Files\Git\cmd;C:\Users\Agustí\Desktop\Ma_documents\java_i_altres\Maven\apache-maven-2.2.1-bin\apache-maven-2.2.1\bin;C:\Program Files\Java\jdk1.8.0_111\bin;C:\Program Files\MySQL\MySQL Server 5.5\bin;C:\Program Files\Java\jdk1.8.0_111;C:\Users\Agustí\Desktop\Ma_documents\java_i_altres\Maven\apache-maven-2.2.1-bin\apache-maven-2.2.1\bin;C:\Program Files (x86)\Java\jdk1.8.0_161;C:\Users\Agust%c3%ad\Desktop\Ma_documents\java_i_altres\Maven\apache-maven-2.2.1-bin\apache-maven-2.2.1\bin;\bin;C:\android-sdk\tools;C:\android-sdk\platform-tools;C:\android-sdk\build-tools;C:\seleniumDrivers;C:\Program Files\PuTTY\;C:\WINDOWS\System32\OpenSSH\;C:\Program Files (x86)\Intel\Intel(R) Management Engine Components\DAL;C:\Program Files\Intel\Intel(R) Management Engine Components\DAL;C:\Program Files (x86)\Intel\Intel(R) Management Engine Components\IPT;C:\Program Files\Intel\Intel(R) Management Engine Components\IPT;C:\Users\Agustí\Desktop\Ma_documents\java_i_altres\Maven\apache-maven-3.6.3\bin;C:\Program Files (x86)\Microsoft SQL Server\140\Tools\Binn\;C:\Program Files\Microsoft SQL Server\140\Tools\Binn\;C:\Program Files (x86)\Microsoft SQL Server\140\DTS\Binn\;C:\Program Files\Microsoft SQL Server\140\DTS\Binn\;C:\Program Files\Microsoft SQL Server\Client SDK\ODBC\130\Tools\Binn\;C:\Program Files (x86)\Microsoft SQL Server\150\DTS\Binn\;C:\Users\Agustí\AppData\Local\Microsoft\WindowsApps;C:\Users\Agustí\Desktop\Ma_documents\java_i_altres\android-sdk_r07-windows\android-sdk-windows\tools;C:\Users\Agustí\Desktop\Ma_documents\java_i_altres\Maven\apache-maven-2.2.1-bin\apache-maven-2.2.1\bin;C:\Program Files\Java\jdk1.8.0_111\bin;
USERNAME=Agustí
OS=Windows_NT
PROCESSOR_IDENTIFIER=Intel64 Family 6 Model 94 Stepping 3, GenuineIntel



---------------  S Y S T E M  ---------------

OS: Windows 10.0 , 64 bit Build 18362 (10.0.18362.329)

CPU:total 4 (2 cores per cpu, 2 threads per core) family 6 model 94 stepping 3, cmov, cx8, fxsr, mmx, sse, sse2, sse3, ssse3, sse4.1, sse4.2, popcnt, avx, avx2, aes, clmul, erms, 3dnowpref, lzcnt, ht, tsc, tscinvbit, bmi1, bmi2, adx

Memory: 4k page, physical 8243504k(3652272k free), swap 11664472k(2999056k free)

vm_info: Java HotSpot(TM) 64-Bit Server VM (25.111-b14) for windows-amd64 JRE (1.8.0_111-b14), built on Sep 22 2016 19:24:05 by "java_re" with MS VC++ 10.0 (VS2010)

time: Sun Jan 05 11:01:00 2020
elapsed time: 2 seconds (0d 0h 0m 2s)

