#
# A fatal error has been detected by the Java Runtime Environment:
#
#  EXCEPTION_ACCESS_VIOLATION (0xc0000005) at pc=0x000000005e99e963, pid=14292, tid=0x0000000000001cc0
#
# JRE version: Java(TM) SE Runtime Environment (8.0_111-b14) (build 1.8.0_111-b14)
# Java VM: Java HotSpot(TM) 64-Bit Server VM (25.111-b14 mixed mode windows-amd64 compressed oops)
# Problematic frame:
# V  [jvm.dll+0x13e963]
#
# Failed to write core dump. Minidumps are not enabled by default on client versions of Windows
#
# If you would like to submit a bug report, please visit:
#   http://bugreport.java.com/bugreport/crash.jsp
#

---------------  T H R E A D  ---------------

Current thread (0x000000000251e000):  JavaThread "main" [_thread_in_vm, id=7360, stack(0x00000000023e0000,0x00000000024e0000)]

siginfo: ExceptionCode=0xc0000005, reading address 0x00000002f551ec68

Registers:
RAX=0x0000000000000000, RBX=0x000000000251e000, RCX=0x0000000000000003, RDX=0x00000002f551ec00
RSP=0x00000000024de5b0, RBP=0x00000000024de700, RSI=0x000000000251e1f8, RDI=0x000000000251e000
R8 =0xffff800219682ef0, R9 =0x00007ffde697d13f, R10=0x000000000000002f, R11=0x000000000000002f
R12=0x00000000024de940, R13=0x0000000000000000, R14=0x00000000024de938, R15=0x0000000000000000
RIP=0x000000005e99e963, EFLAGS=0x0000000000010206

Top of Stack: (sp=0x00000000024de5b0)
0x00000000024de5b0:   00007ffde697d110 000000000251e000
0x00000000024de5c0:   00000000024de700 0000000000000000
0x00000000024de5d0:   000000000251e000 0000000000000000
0x00000000024de5e0:   0000000000000000 0000000000000000
0x00000000024de5f0:   00000000170b7f90 00007ffde6956777
0x00000000024de600:   000000000251e1f8 00000000024de700
0x00000000024de610:   000000000251e000 0000000002681797
0x00000000024de620:   0000000002681aa0 0000000000000000
0x00000000024de630:   0000000000000000 0000000000000000
0x00000000024de640:   00000000026816a0 0000000002010000
0x00000000024de650:   00000000024de5b0 0000000000000000
0x00000000024de660:   0000000000000000 0000000000000000
0x00000000024de670:   0000000000000000 0000000000000000
0x00000000024de680:   0000000000000000 0000000000000000
0x00000000024de690:   00000000024de908 0000000000000000
0x00000000024de6a0:   00000000024de920 00000000024de918 

Instructions: (pc=0x000000005e99e963)
0x000000005e99e943:   00 00 48 8b 17 74 15 8b 52 08 8b 0d 55 fe 65 00
0x000000005e99e953:   48 d3 e2 48 03 15 43 fe 65 00 eb 04 48 8b 52 08
0x000000005e99e963:   48 8b 52 68 48 8b ce e8 e1 7c 0d 00 48 83 7c 24
0x000000005e99e973:   28 00 48 8b f0 74 0a 48 8d 4c 24 20 e8 9c cd 13 


Register to memory mapping:

RAX=0x0000000000000000 is an unknown value
RBX=0x000000000251e000 is a thread
RCX=0x0000000000000003 is an unknown value
RDX=0x00000002f551ec00 is an unknown value
RSP=0x00000000024de5b0 is pointing into the stack for thread: 0x000000000251e000
RBP=0x00000000024de700 is pointing into the stack for thread: 0x000000000251e000
RSI=0x000000000251e1f8 is an unknown value
RDI=0x000000000251e000 is a thread
R8 =0xffff800219682ef0 is an unknown value
R9 =0x00007ffde697d13f is an unknown value
R10=0x000000000000002f is an unknown value
R11=0x000000000000002f is an unknown value
R12=0x00000000024de940 is pointing into the stack for thread: 0x000000000251e000
R13=0x0000000000000000 is an unknown value
R14=0x00000000024de938 is pointing into the stack for thread: 0x000000000251e000
R15=0x0000000000000000 is an unknown value


Stack: [0x00000000023e0000,0x00000000024e0000],  sp=0x00000000024de5b0,  free space=1017k
Native frames: (J=compiled Java code, j=interpreted, Vv=VM code, C=native code)
V  [jvm.dll+0x13e963]
C  [sqljdbc_auth.dll+0x6777]
C  0x0000000002637f74

Java frames: (J=compiled Java code, j=interpreted, Vv=VM code)
j  com.microsoft.sqlserver.jdbc.AuthenticationJNI.SNISecGenClientContext([B[I[BI[B[I[ZLjava/lang/String;Ljava/lang/String;Ljava/lang/String;Ljava/util/logging/Logger;)I+0
j  com.microsoft.sqlserver.jdbc.AuthenticationJNI.GenerateClientContext([BI[B[I[Z)I+24
j  com.microsoft.sqlserver.jdbc.SQLServerConnection.SSPIData([B[B[I[ZLcom/microsoft/sqlserver/jdbc/AuthenticationJNI;)V+13
j  com.microsoft.sqlserver.jdbc.SQLServerConnection.sendLogon(Lcom/microsoft/sqlserver/jdbc/SQLServerConnection$LogonCommand;Lcom/microsoft/sqlserver/jdbc/AuthenticationJNI;)V+151
j  com.microsoft.sqlserver.jdbc.SQLServerConnection.logon(Lcom/microsoft/sqlserver/jdbc/SQLServerConnection$LogonCommand;)V+20
j  com.microsoft.sqlserver.jdbc.SQLServerConnection.access$000(Lcom/microsoft/sqlserver/jdbc/SQLServerConnection;Lcom/microsoft/sqlserver/jdbc/SQLServerConnection$LogonCommand;)V+2
j  com.microsoft.sqlserver.jdbc.SQLServerConnection$LogonCommand.doExecute()Z+5
j  com.microsoft.sqlserver.jdbc.TDSCommand.execute(Lcom/microsoft/sqlserver/jdbc/TDSWriter;Lcom/microsoft/sqlserver/jdbc/TDSReader;)Z+30
j  com.microsoft.sqlserver.jdbc.SQLServerConnection.executeCommand(Lcom/microsoft/sqlserver/jdbc/TDSCommand;)Z+45
j  com.microsoft.sqlserver.jdbc.SQLServerConnection.connectHelper(Lcom/microsoft/sqlserver/jdbc/ServerPortPlaceHolder;II)V+284
j  com.microsoft.sqlserver.jdbc.SQLServerConnection.login(Ljava/lang/String;Ljava/lang/String;ILjava/lang/String;Lcom/microsoft/sqlserver/jdbc/FailoverInfo;IJ)V+399
j  com.microsoft.sqlserver.jdbc.SQLServerConnection.connect(Ljava/util/Properties;Lcom/microsoft/sqlserver/jdbc/SQLServerPooledConnection;)Ljava/sql/Connection;+1736
j  com.microsoft.sqlserver.jdbc.SQLServerDriver.connect(Ljava/lang/String;Ljava/util/Properties;)Ljava/sql/Connection;+45
j  java.sql.DriverManager.getConnection(Ljava/lang/String;Ljava/util/Properties;Ljava/lang/Class;)Ljava/sql/Connection;+171
j  java.sql.DriverManager.getConnection(Ljava/lang/String;)Ljava/sql/Connection;+13
j  com.db.DbConnection.main([Ljava/lang/String;)V+10
v  ~StubRoutines::call_stub

---------------  P R O C E S S  ---------------

Java Threads: ( => current thread )
  0x0000000018d17000 JavaThread "Abandoned connection cleanup thread" daemon [_thread_blocked, id=9824, stack(0x0000000019070000,0x0000000019170000)]
  0x0000000018a91000 JavaThread "Service Thread" daemon [_thread_blocked, id=7060, stack(0x0000000018e70000,0x0000000018f70000)]
  0x000000001713c800 JavaThread "C1 CompilerThread2" daemon [_thread_blocked, id=15600, stack(0x0000000018970000,0x0000000018a70000)]
  0x00000000170f7000 JavaThread "C2 CompilerThread1" daemon [_thread_blocked, id=1356, stack(0x0000000018870000,0x0000000018970000)]
  0x00000000170ee800 JavaThread "C2 CompilerThread0" daemon [_thread_blocked, id=15472, stack(0x0000000018770000,0x0000000018870000)]
  0x00000000170ec000 JavaThread "Attach Listener" daemon [_thread_blocked, id=1296, stack(0x0000000018670000,0x0000000018770000)]
  0x00000000170ea800 JavaThread "Signal Dispatcher" daemon [_thread_blocked, id=8176, stack(0x0000000018570000,0x0000000018670000)]
  0x000000000261a000 JavaThread "Finalizer" daemon [_thread_blocked, id=14720, stack(0x0000000018350000,0x0000000018450000)]
  0x0000000002611000 JavaThread "Reference Handler" daemon [_thread_blocked, id=15556, stack(0x0000000018250000,0x0000000018350000)]
=>0x000000000251e000 JavaThread "main" [_thread_in_vm, id=7360, stack(0x00000000023e0000,0x00000000024e0000)]

Other Threads:
  0x00000000170b7000 VMThread [stack: 0x0000000018150000,0x0000000018250000] [id=15724]
  0x0000000018a92000 WatcherThread [stack: 0x0000000018f70000,0x0000000019070000] [id=9476]

VM state:not at safepoint (normal execution)

VM Mutex/Monitor currently owned by a thread: None

Heap:
 PSYoungGen      total 37888K, used 16433K [0x00000000d6100000, 0x00000000d8b00000, 0x0000000100000000)
  eden space 32768K, 50% used [0x00000000d6100000,0x00000000d710c548,0x00000000d8100000)
  from space 5120K, 0% used [0x00000000d8600000,0x00000000d8600000,0x00000000d8b00000)
  to   space 5120K, 0% used [0x00000000d8100000,0x00000000d8100000,0x00000000d8600000)
 ParOldGen       total 86016K, used 0K [0x0000000082200000, 0x0000000087600000, 0x00000000d6100000)
  object space 86016K, 0% used [0x0000000082200000,0x0000000082200000,0x0000000087600000)
 Metaspace       used 8504K, capacity 8670K, committed 8704K, reserved 1056768K
  class space    used 913K, capacity 993K, committed 1024K, reserved 1048576K

Card table byte_map: [0x00000000119e0000,0x0000000011dd0000] byte_map_base: 0x00000000115cf000

Marking Bits: (ParMarkBitMap*) 0x000000005f07a6c0
 Begin Bits: [0x0000000012470000, 0x00000000143e8000)
 End Bits:   [0x00000000143e8000, 0x0000000016360000)

Polling page: 0x0000000000b90000

CodeCache: size=245760Kb used=2963Kb max_used=2975Kb free=242796Kb
 bounds [0x0000000002620000, 0x0000000002910000, 0x0000000011620000]
 total_blobs=1142 nmethods=780 adapters=275
 compilation: enabled

Compilation events (10 events):
Event: 2.760 Thread 0x000000001713c800 nmethod 776 0x00000000029067d0 code [0x00000000029069a0, 0x0000000002906f28]
Event: 2.761 Thread 0x000000001713c800  777       3       sun.nio.cs.Surrogate$Parser::<init> (12 bytes)
Event: 2.761 Thread 0x000000001713c800 nmethod 777 0x0000000002906190 code [0x0000000002906300, 0x00000000029064d0]
Event: 2.762 Thread 0x000000001713c800  778       3       java.util.ArrayList$Itr::hasNext (20 bytes)
Event: 2.762 Thread 0x000000001713c800 nmethod 778 0x00000000028ff990 code [0x00000000028ffae0, 0x00000000028ffcb0]
Event: 2.763 Thread 0x00000000170ee800  779       4       java.lang.String::indexOf (7 bytes)
Event: 2.763 Thread 0x000000001713c800  780       3       java.util.ArrayList$Itr::next (66 bytes)
Event: 2.764 Thread 0x000000001713c800 nmethod 780 0x00000000028ff0d0 code [0x00000000028ff280, 0x00000000028ff728]
Event: 2.764 Thread 0x00000000170f7000 nmethod 775 0x00000000028fd410 code [0x00000000028fd560, 0x00000000028fd9f8]
Event: 2.766 Thread 0x00000000170ee800 nmethod 779 0x00000000028fcfd0 code [0x00000000028fd100, 0x00000000028fd258]

GC Heap History (0 events):
No events

Deoptimization events (5 events):
Event: 2.519 Thread 0x000000000251e000 Uncommon trap: reason=unstable_if action=reinterpret pc=0x00000000027d5a1c method=java.lang.CharacterDataLatin1.digit(II)I @ 82
Event: 2.636 Thread 0x000000000251e000 Uncommon trap: reason=bimorphic action=maybe_recompile pc=0x000000000280a9b8 method=java.util.regex.Pattern$BmpCharProperty.match(Ljava/util/regex/Matcher;ILjava/lang/CharSequence;)Z @ 31
Event: 2.636 Thread 0x000000000251e000 Uncommon trap: reason=bimorphic action=maybe_recompile pc=0x000000000280a9b8 method=java.util.regex.Pattern$BmpCharProperty.match(Ljava/util/regex/Matcher;ILjava/lang/CharSequence;)Z @ 31
Event: 2.637 Thread 0x000000000251e000 Uncommon trap: reason=bimorphic action=maybe_recompile pc=0x000000000280a9b8 method=java.util.regex.Pattern$BmpCharProperty.match(Ljava/util/regex/Matcher;ILjava/lang/CharSequence;)Z @ 31
Event: 2.637 Thread 0x000000000251e000 Uncommon trap: reason=bimorphic action=maybe_recompile pc=0x000000000280a9b8 method=java.util.regex.Pattern$BmpCharProperty.match(Ljava/util/regex/Matcher;ILjava/lang/CharSequence;)Z @ 31

Internal exceptions (8 events):
Event: 0.060 Thread 0x000000000251e000 Exception <a 'java/lang/NoSuchMethodError': Method sun.misc.Unsafe.defineClass(Ljava/lang/String;[BII)Ljava/lang/Class; name or signature does not match> (0x00000000d6107c78) thrown at [C:\re\workspace\8-2-build-windows-amd64-cygwin\jdk8u111\7883\hotspot\
Event: 0.060 Thread 0x000000000251e000 Exception <a 'java/lang/NoSuchMethodError': Method sun.misc.Unsafe.prefetchRead(Ljava/lang/Object;J)V name or signature does not match> (0x00000000d6107f60) thrown at [C:\re\workspace\8-2-build-windows-amd64-cygwin\jdk8u111\7883\hotspot\src\share\vm\prims
Event: 0.314 Thread 0x000000000251e000 Exception <a 'java/security/PrivilegedActionException'> (0x00000000d63c0228) thrown at [C:\re\workspace\8-2-build-windows-amd64-cygwin\jdk8u111\7883\hotspot\src\share\vm\prims\jvm.cpp, line 1386]
Event: 0.314 Thread 0x000000000251e000 Exception <a 'java/security/PrivilegedActionException'> (0x00000000d63c0438) thrown at [C:\re\workspace\8-2-build-windows-amd64-cygwin\jdk8u111\7883\hotspot\src\share\vm\prims\jvm.cpp, line 1386]
Event: 0.315 Thread 0x000000000251e000 Exception <a 'java/security/PrivilegedActionException'> (0x00000000d63c4320) thrown at [C:\re\workspace\8-2-build-windows-amd64-cygwin\jdk8u111\7883\hotspot\src\share\vm\prims\jvm.cpp, line 1386]
Event: 0.315 Thread 0x000000000251e000 Exception <a 'java/security/PrivilegedActionException'> (0x00000000d63c4530) thrown at [C:\re\workspace\8-2-build-windows-amd64-cygwin\jdk8u111\7883\hotspot\src\share\vm\prims\jvm.cpp, line 1386]
Event: 2.590 Thread 0x000000000251e000 Exception <a 'java/lang/NoSuchFieldError': method resolution failed> (0x00000000d6b05c78) thrown at [C:\re\workspace\8-2-build-windows-amd64-cygwin\jdk8u111\7883\hotspot\src\share\vm\prims\methodHandles.cpp, line 1146]
Event: 2.592 Thread 0x000000000251e000 Exception <a 'java/lang/NoSuchFieldError': method resolution failed> (0x00000000d6b13338) thrown at [C:\re\workspace\8-2-build-windows-amd64-cygwin\jdk8u111\7883\hotspot\src\share\vm\prims\methodHandles.cpp, line 1146]

Events (10 events):
Event: 2.761 loading class sun/security/internal/spec/TlsPrfParameterSpec
Event: 2.761 loading class sun/security/internal/spec/TlsPrfParameterSpec done
Event: 2.761 loading class com/sun/crypto/provider/TlsPrfGenerator$V12
Event: 2.761 loading class com/sun/crypto/provider/TlsPrfGenerator$V12 done
Event: 2.762 loading class sun/security/ssl/CipherBox$1
Event: 2.762 loading class sun/security/ssl/CipherBox$1 done
Event: 2.765 loading class com/microsoft/sqlserver/jdbc/AuthenticationJNI
Event: 2.765 loading class com/microsoft/sqlserver/jdbc/AuthenticationJNI done
Event: 2.766 loading class java/lang/ClassLoaderHelper
Event: 2.766 loading class java/lang/ClassLoaderHelper done


Dynamic libraries:
0x00007ff69a180000 - 0x00007ff69a1b7000 	C:\Program Files\Java\jdk1.8.0_111\bin\javaw.exe
0x00007ffe05160000 - 0x00007ffe05350000 	C:\WINDOWS\SYSTEM32\ntdll.dll
0x00007ffe04df0000 - 0x00007ffe04ea2000 	C:\WINDOWS\System32\KERNEL32.DLL
0x00007ffe02420000 - 0x00007ffe026c3000 	C:\WINDOWS\System32\KERNELBASE.dll
0x00007ffe035b0000 - 0x00007ffe03653000 	C:\WINDOWS\System32\ADVAPI32.dll
0x00007ffe04d40000 - 0x00007ffe04dde000 	C:\WINDOWS\System32\msvcrt.dll
0x00007ffe05080000 - 0x00007ffe05117000 	C:\WINDOWS\System32\sechost.dll
0x00007ffe04eb0000 - 0x00007ffe04fd0000 	C:\WINDOWS\System32\RPCRT4.dll
0x00007ffe04b40000 - 0x00007ffe04cd4000 	C:\WINDOWS\System32\USER32.dll
0x00007ffe030e0000 - 0x00007ffe03101000 	C:\WINDOWS\System32\win32u.dll
0x00007ffe03290000 - 0x00007ffe032b6000 	C:\WINDOWS\System32\GDI32.dll
0x00007ffe02e50000 - 0x00007ffe02fe4000 	C:\WINDOWS\System32\gdi32full.dll
0x00007ffe02ff0000 - 0x00007ffe0308e000 	C:\WINDOWS\System32\msvcp_win.dll
0x00007ffe03110000 - 0x00007ffe0320a000 	C:\WINDOWS\System32\ucrtbase.dll
0x00007ffdf7590000 - 0x00007ffdf7815000 	C:\WINDOWS\WinSxS\amd64_microsoft.windows.common-controls_6595b64144ccf1df_6.0.18362.535_none_e6c3b34713100821\COMCTL32.dll
0x00007ffe03dd0000 - 0x00007ffe04106000 	C:\WINDOWS\System32\combase.dll
0x00007ffe02180000 - 0x00007ffe02200000 	C:\WINDOWS\System32\bcryptPrimitives.dll
0x00007ffe04320000 - 0x00007ffe0434e000 	C:\WINDOWS\System32\IMM32.DLL
0x000000005f100000 - 0x000000005f1d2000 	C:\Program Files\Java\jdk1.8.0_111\jre\bin\msvcr100.dll
0x000000005e860000 - 0x000000005f0fa000 	C:\Program Files\Java\jdk1.8.0_111\jre\bin\server\jvm.dll
0x00007ffe04de0000 - 0x00007ffe04de8000 	C:\WINDOWS\System32\PSAPI.DLL
0x00007ffdfd290000 - 0x00007ffdfd299000 	C:\WINDOWS\SYSTEM32\WSOCK32.dll
0x00007ffe04ad0000 - 0x00007ffe04b3f000 	C:\WINDOWS\System32\WS2_32.dll
0x00007ffdfffa0000 - 0x00007ffdfffc4000 	C:\WINDOWS\SYSTEM32\WINMM.dll
0x00007ffdf8ec0000 - 0x00007ffdf8eca000 	C:\WINDOWS\SYSTEM32\VERSION.dll
0x00007ffdfff70000 - 0x00007ffdfff9d000 	C:\WINDOWS\SYSTEM32\WINMMBASE.dll
0x00007ffe03090000 - 0x00007ffe030da000 	C:\WINDOWS\System32\cfgmgr32.dll
0x000000005e850000 - 0x000000005e85f000 	C:\Program Files\Java\jdk1.8.0_111\jre\bin\verify.dll
0x000000005e820000 - 0x000000005e849000 	C:\Program Files\Java\jdk1.8.0_111\jre\bin\java.dll
0x000000005e800000 - 0x000000005e816000 	C:\Program Files\Java\jdk1.8.0_111\jre\bin\zip.dll
0x00007ffe036e0000 - 0x00007ffe03dc5000 	C:\WINDOWS\System32\SHELL32.dll
0x00007ffe04fd0000 - 0x00007ffe05079000 	C:\WINDOWS\System32\shcore.dll
0x00007ffe026d0000 - 0x00007ffe02e4f000 	C:\WINDOWS\System32\windows.storage.dll
0x00007ffe020d0000 - 0x00007ffe020ef000 	C:\WINDOWS\System32\profapi.dll
0x00007ffe02080000 - 0x00007ffe020ca000 	C:\WINDOWS\System32\powrprof.dll
0x00007ffe02030000 - 0x00007ffe02040000 	C:\WINDOWS\System32\UMPDC.dll
0x00007ffe043f0000 - 0x00007ffe04442000 	C:\WINDOWS\System32\shlwapi.dll
0x00007ffe02060000 - 0x00007ffe02071000 	C:\WINDOWS\System32\kernel.appcore.dll
0x00007ffe02400000 - 0x00007ffe02417000 	C:\WINDOWS\System32\cryptsp.dll
0x000000005e7e0000 - 0x000000005e7fa000 	C:\Program Files\Java\jdk1.8.0_111\jre\bin\net.dll
0x00007ffe018a0000 - 0x00007ffe01907000 	C:\WINDOWS\system32\mswsock.dll
0x00007ffe015f0000 - 0x00007ffe016ba000 	C:\WINDOWS\SYSTEM32\DNSAPI.dll
0x00007ffe04240000 - 0x00007ffe04248000 	C:\WINDOWS\System32\NSI.dll
0x00007ffe015b0000 - 0x00007ffe015ea000 	C:\WINDOWS\SYSTEM32\IPHLPAPI.DLL
0x00007ffdf7960000 - 0x00007ffdf796a000 	C:\Windows\System32\rasadhlp.dll
0x00007ffdf8a20000 - 0x00007ffdf8a97000 	C:\WINDOWS\System32\fwpuclnt.dll
0x00007ffe02150000 - 0x00007ffe02176000 	C:\WINDOWS\System32\bcrypt.dll
0x000000005e7b0000 - 0x000000005e7d4000 	C:\Program Files\Java\jdk1.8.0_111\jre\bin\sunec.dll
0x00007ffe01410000 - 0x00007ffe01443000 	C:\WINDOWS\system32\rsaenh.dll
0x00007ffe01f50000 - 0x00007ffe01f75000 	C:\WINDOWS\SYSTEM32\USERENV.dll
0x00007ffe01a70000 - 0x00007ffe01a7c000 	C:\WINDOWS\SYSTEM32\CRYPTBASE.dll
0x00007ffdf8e80000 - 0x00007ffdf8e96000 	C:\WINDOWS\SYSTEM32\dhcpcsvc6.DLL
0x00007ffdf8ed0000 - 0x00007ffdf8eec000 	C:\WINDOWS\SYSTEM32\dhcpcsvc.DLL
0x000000005e790000 - 0x000000005e7a1000 	C:\Program Files\Java\jdk1.8.0_111\jre\bin\nio.dll
0x000000005e780000 - 0x000000005e78b000 	C:\Program Files\Java\jdk1.8.0_111\jre\bin\sunmscapi.dll
0x00007ffe022b0000 - 0x00007ffe023f9000 	C:\WINDOWS\System32\CRYPT32.dll
0x00007ffe02040000 - 0x00007ffe02052000 	C:\WINDOWS\System32\MSASN1.dll
0x00007ffde6950000 - 0x00007ffde699b000 	C:\sqlauth\sqljdbc_auth.dll
0x00007ffe04970000 - 0x00007ffe04ac6000 	C:\WINDOWS\System32\ole32.dll
0x00007ffdf0330000 - 0x00007ffdf033c000 	C:\WINDOWS\system32\secur32.dll
0x00007ffe01f20000 - 0x00007ffe01f4f000 	C:\WINDOWS\SYSTEM32\SSPICLI.DLL
0x00007ffe01960000 - 0x00007ffe01a63000 	C:\WINDOWS\system32\kerberos.DLL
0x00007ffe01820000 - 0x00007ffe01897000 	C:\WINDOWS\system32\msv1_0.DLL
0x00007ffe01810000 - 0x00007ffe0181d000 	C:\WINDOWS\SYSTEM32\NtlmShared.dll
0x00007ffe01910000 - 0x00007ffe01924000 	C:\WINDOWS\SYSTEM32\cryptdll.dll
0x00007ffdc0360000 - 0x00007ffdc0388000 	C:\WINDOWS\system32\ntdsapi.dll
0x00007ffdec4a0000 - 0x00007ffdec4b6000 	C:\WINDOWS\system32\napinsp.dll
0x00007ffdec480000 - 0x00007ffdec49a000 	C:\WINDOWS\system32\pnrpnsp.dll
0x00007ffdec470000 - 0x00007ffdec47e000 	C:\WINDOWS\System32\winrnr.dll
0x00007ffdfe870000 - 0x00007ffdfe88c000 	C:\WINDOWS\system32\NLAapi.dll
0x00007ffdec450000 - 0x00007ffdec465000 	C:\WINDOWS\system32\wshbth.dll
0x00007ffdf5fb0000 - 0x00007ffdf61a4000 	C:\WINDOWS\SYSTEM32\dbghelp.dll

VM Arguments:
jvm_args: -Djava.library.path=C:\\sqlauth -Dfile.encoding=Cp1252 
java_command: com.db.DbConnection
java_class_path (initial): C:\Users\Agustí\workspace - udemy\DataBaseConnectivity\bin;C:\Users\Agustí\workspace - udemy\DataBaseConnectivity\lib\sqljdbc4-3.0.jar;C:\Users\Agustí\workspace - udemy\DataBaseConnectivity\lib\mysql-connector-java-5.1.38.jar
Launcher Type: SUN_STANDARD

Environment Variables:
JAVA_HOME=C:\Program Files\Java\jdk1.8.0_111
CLASSPATH=%CLASSPATH%,C:\Users\Agustí\Desktop\Ma_documents\java_i_altres\junit-4.10.jar\junit-4.10.jar
PATH=C:\Program Files (x86)\Common Files\Oracle\Java\javapath;C:\Program Files\Microsoft MPI\Bin\;C:\ProgramData\Oracle\Java\javapath;C:\Program Files (x86)\Intel\iCLS Client\;C:\Program Files\Intel\iCLS Client\;C:\WINDOWS\system32;C:\WINDOWS;C:\WINDOWS\System32\Wbem;C:\WINDOWS\System32\WindowsPowerShell\v1.0\;C:\Program Files\Git\cmd;C:\Users\Agustí\Desktop\Ma_documents\java_i_altres\Maven\apache-maven-2.2.1-bin\apache-maven-2.2.1\bin;C:\Program Files\Java\jdk1.8.0_111\bin;C:\Program Files\MySQL\MySQL Server 5.5\bin;C:\Program Files\Java\jdk1.8.0_111;C:\Users\Agustí\Desktop\Ma_documents\java_i_altres\Maven\apache-maven-2.2.1-bin\apache-maven-2.2.1\bin;C:\Program Files (x86)\Java\jdk1.8.0_161;C:\Users\Agust%c3%ad\Desktop\Ma_documents\java_i_altres\Maven\apache-maven-2.2.1-bin\apache-maven-2.2.1\bin;\bin;C:\android-sdk\tools;C:\android-sdk\platform-tools;C:\android-sdk\build-tools;C:\seleniumDrivers;C:\Program Files\PuTTY\;C:\WINDOWS\System32\OpenSSH\;C:\Program Files (x86)\Intel\Intel(R) Management Engine Components\DAL;C:\Program Files\Intel\Intel(R) Management Engine Components\DAL;C:\Program Files (x86)\Intel\Intel(R) Management Engine Components\IPT;C:\Program Files\Intel\Intel(R) Management Engine Components\IPT;C:\Users\Agustí\Desktop\Ma_documents\java_i_altres\Maven\apache-maven-3.6.3\bin;C:\Program Files (x86)\Microsoft SQL Server\140\Tools\Binn\;C:\Program Files\Microsoft SQL Server\140\Tools\Binn\;C:\Program Files (x86)\Microsoft SQL Server\140\DTS\Binn\;C:\Program Files\Microsoft SQL Server\140\DTS\Binn\;C:\Program Files\Microsoft SQL Server\Client SDK\ODBC\130\Tools\Binn\;C:\Program Files (x86)\Microsoft SQL Server\150\DTS\Binn\;C:\Users\Agustí\AppData\Local\Microsoft\WindowsApps;C:\Users\Agustí\Desktop\Ma_documents\java_i_altres\android-sdk_r07-windows\android-sdk-windows\tools;C:\Users\Agustí\Desktop\Ma_documents\java_i_altres\Maven\apache-maven-2.2.1-bin\apache-maven-2.2.1\bin;C:\Program Files\Java\jdk1.8.0_111\bin;
USERNAME=Agustí
OS=Windows_NT
PROCESSOR_IDENTIFIER=Intel64 Family 6 Model 94 Stepping 3, GenuineIntel



---------------  S Y S T E M  ---------------

OS: Windows 10.0 , 64 bit Build 18362 (10.0.18362.329)

CPU:total 4 (2 cores per cpu, 2 threads per core) family 6 model 94 stepping 3, cmov, cx8, fxsr, mmx, sse, sse2, sse3, ssse3, sse4.1, sse4.2, popcnt, avx, avx2, aes, clmul, erms, 3dnowpref, lzcnt, ht, tsc, tscinvbit, bmi1, bmi2, adx

Memory: 4k page, physical 8243504k(3645296k free), swap 10733872k(4226256k free)

vm_info: Java HotSpot(TM) 64-Bit Server VM (25.111-b14) for windows-amd64 JRE (1.8.0_111-b14), built on Sep 22 2016 19:24:05 by "java_re" with MS VC++ 10.0 (VS2010)

time: Sun Jan 05 11:49:22 2020
elapsed time: 2 seconds (0d 0h 0m 2s)

